<?xml version="1.0" encoding="UTF-8"?>
<!-- Generated by org.testng.reporters.JUnitReportReporter -->
<testsuite hostname="LAPTOP-8OH1O088" failures="0" tests="1" name="SumValidation" time="1.744" errors="0" timestamp="2022-11-09T21:29:29 IST" skipped="0">
  <testcase classname="SumValidation" name="sumOfCourses" time="1.744"/>
  <system-out/>
</testsuite> <!-- SumValidation -->
