<?xml version="1.0" encoding="UTF-8"?>
<!-- Generated by org.testng.reporters.JUnitReportReporter -->
<testsuite hostname="LAPTOP-8OH1O088" failures="0" tests="3" name="Files.DynamicJson" time="2.984" errors="0" timestamp="2022-11-12T14:34:42 IST" skipped="0">
  <testcase classname="Files.DynamicJson" name="addBook" time="0.272"/>
  <system-out/>
  <testcase classname="Files.DynamicJson" name="addBook" time="0.236"/>
  <system-out/>
  <testcase classname="Files.DynamicJson" name="addBook" time="2.476"/>
  <system-out/>
</testsuite> <!-- Files.DynamicJson -->
